2021-08-28 14:52:48.686 [main] INFO  com.alibaba.otter.canal.admin.CanalAdminApplication - Starting CanalAdminApplication on 8f3767d35226 with PID 90 (/home/admin/canal-admin/lib/canal.admin-web-1.1.5.jar started by admin in /home/admin/canal-admin/bin)
2021-08-28 14:52:48.863 [main] INFO  com.alibaba.otter.canal.admin.CanalAdminApplication - No active profile set, falling back to default profiles: default
2021-08-28 14:52:49.113 [main] INFO  o.s.b.w.s.c.AnnotationConfigServletWebServerApplicationContext - Refreshing org.springframework.boot.web.servlet.context.AnnotationConfigServletWebServerApplicationContext@179ece50: startup date [Sat Aug 28 14:52:49 CST 2021]; root of context hierarchy
2021-08-28 14:52:54.549 [main] INFO  o.s.boot.web.embedded.tomcat.TomcatWebServer - Tomcat initialized with port(s): 8089 (http)
2021-08-28 14:52:54.593 [main] INFO  org.apache.coyote.http11.Http11NioProtocol - Initializing ProtocolHandler ["http-nio-8089"]
2021-08-28 14:52:54.638 [main] INFO  org.apache.catalina.core.StandardService - Starting service [Tomcat]
2021-08-28 14:52:54.641 [main] INFO  org.apache.catalina.core.StandardEngine - Starting Servlet Engine: Apache Tomcat/8.5.29
2021-08-28 14:52:54.673 [localhost-startStop-1] INFO  org.apache.catalina.core.AprLifecycleListener - The APR based Apache Tomcat Native library which allows optimal performance in production environments was not found on the java.library.path: [/usr/java/packages/lib/amd64:/usr/lib64:/lib64:/lib:/usr/lib]
2021-08-28 14:52:54.930 [localhost-startStop-1] INFO  o.a.catalina.core.ContainerBase.[Tomcat].[localhost].[/] - Initializing Spring embedded WebApplicationContext
2021-08-28 14:52:54.932 [localhost-startStop-1] INFO  org.springframework.web.context.ContextLoader - Root WebApplicationContext: initialization completed in 5820 ms
2021-08-28 14:52:55.359 [localhost-startStop-1] INFO  o.s.boot.web.servlet.ServletRegistrationBean - Servlet dispatcherServlet mapped to [/]
2021-08-28 14:52:55.371 [localhost-startStop-1] INFO  o.s.boot.web.servlet.FilterRegistrationBean - Mapping filter: 'characterEncodingFilter' to: [/*]
2021-08-28 14:52:55.375 [localhost-startStop-1] INFO  o.s.boot.web.servlet.FilterRegistrationBean - Mapping filter: 'hiddenHttpMethodFilter' to: [/*]
2021-08-28 14:52:55.386 [localhost-startStop-1] INFO  o.s.boot.web.servlet.FilterRegistrationBean - Mapping filter: 'httpPutFormContentFilter' to: [/*]
2021-08-28 14:52:55.392 [localhost-startStop-1] INFO  o.s.boot.web.servlet.FilterRegistrationBean - Mapping filter: 'requestContextFilter' to: [/*]
2021-08-28 14:52:56.187 [main] INFO  io.ebean.EbeanVersion - ebean version: 11.41.1
2021-08-28 14:52:56.205 [main] INFO  io.ebean.config.properties.LoadContext - loaded properties from [application.yml]
2021-08-28 14:52:56.310 [main] INFO  com.zaxxer.hikari.HikariDataSource - HikariPool-1 - Starting...
2021-08-28 14:52:57.026 [main] INFO  com.zaxxer.hikari.HikariDataSource - HikariPool-1 - Start completed.
2021-08-28 14:52:57.035 [main] WARN  io.ebean.internal.DefaultContainer - DataSource [ebeanServer] has autoCommit defaulting to true!
2021-08-28 14:52:57.074 [main] INFO  io.ebean.internal.DefaultContainer - DatabasePlatform name:ebeanServer platform:mysql
2021-08-28 14:52:58.094 [main] INFO  o.s.web.servlet.handler.SimpleUrlHandlerMapping - Mapped URL path [/**/favicon.ico] onto handler of type [class org.springframework.web.servlet.resource.ResourceHttpRequestHandler]
2021-08-28 14:52:59.055 [main] INFO  o.s.w.s.m.method.annotation.RequestMappingHandlerAdapter - Looking for @ControllerAdvice: org.springframework.boot.web.servlet.context.AnnotationConfigServletWebServerApplicationContext@179ece50: startup date [Sat Aug 28 14:52:49 CST 2021]; root of context hierarchy
2021-08-28 14:52:59.269 [main] INFO  o.s.w.s.m.method.annotation.RequestMappingHandlerMapping - Mapped "{[/api/{env}/canal/config/template],methods=[GET]}" onto public com.alibaba.otter.canal.admin.model.BaseModel<java.lang.String> com.alibaba.otter.canal.admin.controller.CanalConfigController.template(java.lang.String)
2021-08-28 14:52:59.273 [main] INFO  o.s.w.s.m.method.annotation.RequestMappingHandlerMapping - Mapped "{[/api/{env}/canal/config/{clusterId}/{serverId}],methods=[GET]}" onto public com.alibaba.otter.canal.admin.model.BaseModel<com.alibaba.otter.canal.admin.model.CanalConfig> com.alibaba.otter.canal.admin.controller.CanalConfigController.canalConfig(java.lang.Long,java.lang.Long,java.lang.String)
2021-08-28 14:52:59.280 [main] INFO  o.s.w.s.m.method.annotation.RequestMappingHandlerMapping - Mapped "{[/api/{env}/canal/config],methods=[PUT]}" onto public com.alibaba.otter.canal.admin.model.BaseModel<java.lang.String> com.alibaba.otter.canal.admin.controller.CanalConfigController.updateConfig(com.alibaba.otter.canal.admin.model.CanalConfig,java.lang.String)
2021-08-28 14:52:59.283 [main] INFO  o.s.w.s.m.method.annotation.RequestMappingHandlerMapping - Mapped "{[/api/{env}/config/server_polling],methods=[GET]}" onto public com.alibaba.otter.canal.admin.model.BaseModel<com.alibaba.otter.canal.admin.model.CanalConfig> com.alibaba.otter.canal.admin.controller.PollingConfigController.canalConfigPoll(java.lang.String,java.lang.String,java.lang.String,java.lang.Integer,java.lang.String,boolean,java.lang.String,java.lang.String,java.lang.String)
2021-08-28 14:52:59.285 [main] INFO  o.s.w.s.m.method.annotation.RequestMappingHandlerMapping - Mapped "{[/api/{env}/config/instance_polling/{destination}],methods=[GET]}" onto public com.alibaba.otter.canal.admin.model.BaseModel<com.alibaba.otter.canal.admin.model.CanalInstanceConfig> com.alibaba.otter.canal.admin.controller.PollingConfigController.instanceConfigPoll(java.lang.String,java.lang.String,java.lang.String,java.lang.String,java.lang.String)
2021-08-28 14:52:59.287 [main] INFO  o.s.w.s.m.method.annotation.RequestMappingHandlerMapping - Mapped "{[/api/{env}/config/instances_polling],methods=[GET]}" onto public com.alibaba.otter.canal.admin.model.BaseModel<com.alibaba.otter.canal.admin.model.CanalInstanceConfig> com.alibaba.otter.canal.admin.controller.PollingConfigController.instancesPoll(java.lang.String,java.lang.String,java.lang.String,java.lang.Integer,java.lang.String,java.lang.String)
2021-08-28 14:52:59.291 [main] INFO  o.s.w.s.m.method.annotation.RequestMappingHandlerMapping - Mapped "{[/api/{env}/user/info],methods=[GET]}" onto public com.alibaba.otter.canal.admin.model.BaseModel<com.alibaba.otter.canal.admin.model.User> com.alibaba.otter.canal.admin.controller.UserController.info(java.lang.String,java.lang.String)
2021-08-28 14:52:59.292 [main] INFO  o.s.w.s.m.method.annotation.RequestMappingHandlerMapping - Mapped "{[/api/{env}/user/login],methods=[POST]}" onto public com.alibaba.otter.canal.admin.model.BaseModel<java.util.Map<java.lang.String, java.lang.String>> com.alibaba.otter.canal.admin.controller.UserController.login(com.alibaba.otter.canal.admin.model.User,java.lang.String)
2021-08-28 14:52:59.293 [main] INFO  o.s.w.s.m.method.annotation.RequestMappingHandlerMapping - Mapped "{[/api/{env}/user/logout],methods=[POST]}" onto public com.alibaba.otter.canal.admin.model.BaseModel<java.lang.String> com.alibaba.otter.canal.admin.controller.UserController.logout(java.lang.String)
2021-08-28 14:52:59.297 [main] INFO  o.s.w.s.m.method.annotation.RequestMappingHandlerMapping - Mapped "{[/api/{env}/user],methods=[PUT]}" onto public com.alibaba.otter.canal.admin.model.BaseModel<java.lang.String> com.alibaba.otter.canal.admin.controller.UserController.update(com.alibaba.otter.canal.admin.model.User,java.lang.String,javax.servlet.http.HttpServletRequest)
2021-08-28 14:52:59.306 [main] INFO  o.s.w.s.m.method.annotation.RequestMappingHandlerMapping - Mapped "{[/api/{env}/canal/cluster/{id}],methods=[GET]}" onto public com.alibaba.otter.canal.admin.model.BaseModel<com.alibaba.otter.canal.admin.model.CanalCluster> com.alibaba.otter.canal.admin.controller.CanalClusterController.detail(java.lang.Long,java.lang.String)
2021-08-28 14:52:59.307 [main] INFO  o.s.w.s.m.method.annotation.RequestMappingHandlerMapping - Mapped "{[/api/{env}/canal/clusters],methods=[GET]}" onto public com.alibaba.otter.canal.admin.model.BaseModel<java.util.List<com.alibaba.otter.canal.admin.model.CanalCluster>> com.alibaba.otter.canal.admin.controller.CanalClusterController.clusters(com.alibaba.otter.canal.admin.model.CanalCluster,java.lang.String)
2021-08-28 14:52:59.309 [main] INFO  o.s.w.s.m.method.annotation.RequestMappingHandlerMapping - Mapped "{[/api/{env}/canal/clustersAndServers],methods=[GET]}" onto public com.alibaba.otter.canal.admin.model.BaseModel<java.util.List<?>> com.alibaba.otter.canal.admin.controller.CanalClusterController.clustersAndServers(java.lang.String)
2021-08-28 14:52:59.311 [main] INFO  o.s.w.s.m.method.annotation.RequestMappingHandlerMapping - Mapped "{[/api/{env}/canal/cluster],methods=[PUT]}" onto public com.alibaba.otter.canal.admin.model.BaseModel<java.lang.String> com.alibaba.otter.canal.admin.controller.CanalClusterController.update(com.alibaba.otter.canal.admin.model.CanalCluster,java.lang.String)
2021-08-28 14:52:59.312 [main] INFO  o.s.w.s.m.method.annotation.RequestMappingHandlerMapping - Mapped "{[/api/{env}/canal/cluster/{id}],methods=[DELETE]}" onto public com.alibaba.otter.canal.admin.model.BaseModel<java.lang.String> com.alibaba.otter.canal.admin.controller.CanalClusterController.delete(java.lang.Long,java.lang.String)
2021-08-28 14:52:59.314 [main] INFO  o.s.w.s.m.method.annotation.RequestMappingHandlerMapping - Mapped "{[/api/{env}/canal/cluster],methods=[POST]}" onto public com.alibaba.otter.canal.admin.model.BaseModel<java.lang.String> com.alibaba.otter.canal.admin.controller.CanalClusterController.save(com.alibaba.otter.canal.admin.model.CanalCluster,java.lang.String)
2021-08-28 14:52:59.328 [main] INFO  o.s.w.s.m.method.annotation.RequestMappingHandlerMapping - Mapped "{[/api/{env}/canal/instance/template],methods=[GET]}" onto public com.alibaba.otter.canal.admin.model.BaseModel<java.lang.String> com.alibaba.otter.canal.admin.controller.CanalInstanceController.template(java.lang.String)
2021-08-28 14:52:59.329 [main] INFO  o.s.w.s.m.method.annotation.RequestMappingHandlerMapping - Mapped "{[/api/{env}/canal/instance],methods=[GET]}" onto public com.alibaba.otter.canal.admin.model.BaseModel<com.alibaba.otter.canal.admin.model.CanalInstanceConfig> com.alibaba.otter.canal.admin.controller.CanalInstanceController.config(java.lang.Long,java.lang.String)
2021-08-28 14:52:59.331 [main] INFO  o.s.w.s.m.method.annotation.RequestMappingHandlerMapping - Mapped "{[/api/{env}/canal/instance/{id}],methods=[GET]}" onto public com.alibaba.otter.canal.admin.model.BaseModel<com.alibaba.otter.canal.admin.model.CanalInstanceConfig> com.alibaba.otter.canal.admin.controller.CanalInstanceController.detail(java.lang.Long,java.lang.String)
2021-08-28 14:52:59.332 [main] INFO  o.s.w.s.m.method.annotation.RequestMappingHandlerMapping - Mapped "{[/api/{env}/canal/instance/log/{id}/{nodeId}],methods=[GET]}" onto public com.alibaba.otter.canal.admin.model.BaseModel<java.util.Map<java.lang.String, java.lang.String>> com.alibaba.otter.canal.admin.controller.CanalInstanceController.instanceLog(java.lang.Long,java.lang.Long,java.lang.String)
2021-08-28 14:52:59.333 [main] INFO  o.s.w.s.m.method.annotation.RequestMappingHandlerMapping - Mapped "{[/api/{env}/canal/instance/status/{id}],methods=[PUT]}" onto public com.alibaba.otter.canal.admin.model.BaseModel<java.lang.Boolean> com.alibaba.otter.canal.admin.controller.CanalInstanceController.instanceStart(java.lang.Long,java.lang.String,java.lang.String)
2021-08-28 14:52:59.335 [main] INFO  o.s.w.s.m.method.annotation.RequestMappingHandlerMapping - Mapped "{[/api/{env}/canal/active/instances/{serverId}],methods=[GET]}" onto public com.alibaba.otter.canal.admin.model.BaseModel<java.util.List<com.alibaba.otter.canal.admin.model.CanalInstanceConfig>> com.alibaba.otter.canal.admin.controller.CanalInstanceController.activeInstances(java.lang.Long,java.lang.String)
2021-08-28 14:52:59.336 [main] INFO  o.s.w.s.m.method.annotation.RequestMappingHandlerMapping - Mapped "{[/api/{env}/canal/instance],methods=[PUT]}" onto public com.alibaba.otter.canal.admin.model.BaseModel<java.lang.String> com.alibaba.otter.canal.admin.controller.CanalInstanceController.update(com.alibaba.otter.canal.admin.model.CanalInstanceConfig,java.lang.String)
2021-08-28 14:52:59.337 [main] INFO  o.s.w.s.m.method.annotation.RequestMappingHandlerMapping - Mapped "{[/api/{env}/canal/instance/{id}],methods=[DELETE]}" onto public com.alibaba.otter.canal.admin.model.BaseModel<java.lang.String> com.alibaba.otter.canal.admin.controller.CanalInstanceController.delete(java.lang.Long,java.lang.String)
2021-08-28 14:52:59.338 [main] INFO  o.s.w.s.m.method.annotation.RequestMappingHandlerMapping - Mapped "{[/api/{env}/canal/instance/start/{id}/{nodeId}],methods=[PUT]}" onto public com.alibaba.otter.canal.admin.model.BaseModel<java.lang.Boolean> com.alibaba.otter.canal.admin.controller.CanalInstanceController.start(java.lang.Long,java.lang.Long,java.lang.String)
2021-08-28 14:52:59.340 [main] INFO  o.s.w.s.m.method.annotation.RequestMappingHandlerMapping - Mapped "{[/api/{env}/canal/instance/stop/{id}/{nodeId}],methods=[PUT]}" onto public com.alibaba.otter.canal.admin.model.BaseModel<java.lang.Boolean> com.alibaba.otter.canal.admin.controller.CanalInstanceController.stop(java.lang.Long,java.lang.Long,java.lang.String)
2021-08-28 14:52:59.341 [main] INFO  o.s.w.s.m.method.annotation.RequestMappingHandlerMapping - Mapped "{[/api/{env}/canal/instances],methods=[GET]}" onto public com.alibaba.otter.canal.admin.model.BaseModel<com.alibaba.otter.canal.admin.model.Pager<com.alibaba.otter.canal.admin.model.CanalInstanceConfig>> com.alibaba.otter.canal.admin.controller.CanalInstanceController.list(com.alibaba.otter.canal.admin.model.CanalInstanceConfig,com.alibaba.otter.canal.admin.model.Pager<com.alibaba.otter.canal.admin.model.CanalInstanceConfig>,java.lang.String)
2021-08-28 14:52:59.343 [main] INFO  o.s.w.s.m.method.annotation.RequestMappingHandlerMapping - Mapped "{[/api/{env}/canal/instance],methods=[POST]}" onto public com.alibaba.otter.canal.admin.model.BaseModel<java.lang.String> com.alibaba.otter.canal.admin.controller.CanalInstanceController.save(com.alibaba.otter.canal.admin.model.CanalInstanceConfig,java.lang.String)
2021-08-28 14:52:59.348 [main] INFO  o.s.w.s.m.method.annotation.RequestMappingHandlerMapping - Mapped "{[/api/{env}/nodeServer/{id}],methods=[GET]}" onto public com.alibaba.otter.canal.admin.model.BaseModel<com.alibaba.otter.canal.admin.model.NodeServer> com.alibaba.otter.canal.admin.controller.NodeServerController.detail(java.lang.Long,java.lang.String)
2021-08-28 14:52:59.349 [main] INFO  o.s.w.s.m.method.annotation.RequestMappingHandlerMapping - Mapped "{[/api/{env}/nodeServers],methods=[GET]}" onto public com.alibaba.otter.canal.admin.model.BaseModel<com.alibaba.otter.canal.admin.model.Pager<com.alibaba.otter.canal.admin.model.NodeServer>> com.alibaba.otter.canal.admin.controller.NodeServerController.nodeServers(com.alibaba.otter.canal.admin.model.NodeServer,com.alibaba.otter.canal.admin.model.Pager<com.alibaba.otter.canal.admin.model.NodeServer>,java.lang.String)
2021-08-28 14:52:59.350 [main] INFO  o.s.w.s.m.method.annotation.RequestMappingHandlerMapping - Mapped "{[/api/{env}/nodeServer/log/{id}],methods=[GET]}" onto public com.alibaba.otter.canal.admin.model.BaseModel<java.lang.String> com.alibaba.otter.canal.admin.controller.NodeServerController.log(java.lang.Long,java.lang.String)
2021-08-28 14:52:59.351 [main] INFO  o.s.w.s.m.method.annotation.RequestMappingHandlerMapping - Mapped "{[/api/{env}/nodeServer],methods=[PUT]}" onto public com.alibaba.otter.canal.admin.model.BaseModel<java.lang.String> com.alibaba.otter.canal.admin.controller.NodeServerController.update(com.alibaba.otter.canal.admin.model.NodeServer,java.lang.String)
2021-08-28 14:52:59.352 [main] INFO  o.s.w.s.m.method.annotation.RequestMappingHandlerMapping - Mapped "{[/api/{env}/nodeServer/{id}],methods=[DELETE]}" onto public com.alibaba.otter.canal.admin.model.BaseModel<java.lang.String> com.alibaba.otter.canal.admin.controller.NodeServerController.delete(java.lang.Long,java.lang.String)
2021-08-28 14:52:59.353 [main] INFO  o.s.w.s.m.method.annotation.RequestMappingHandlerMapping - Mapped "{[/api/{env}/nodeServer/start/{id}],methods=[PUT]}" onto public com.alibaba.otter.canal.admin.model.BaseModel<java.lang.Boolean> com.alibaba.otter.canal.admin.controller.NodeServerController.start(java.lang.Long,java.lang.String)
2021-08-28 14:52:59.355 [main] INFO  o.s.w.s.m.method.annotation.RequestMappingHandlerMapping - Mapped "{[/api/{env}/nodeServer/stop/{id}],methods=[PUT]}" onto public com.alibaba.otter.canal.admin.model.BaseModel<java.lang.Boolean> com.alibaba.otter.canal.admin.controller.NodeServerController.stop(java.lang.Long,java.lang.String)
2021-08-28 14:52:59.356 [main] INFO  o.s.w.s.m.method.annotation.RequestMappingHandlerMapping - Mapped "{[/api/{env}/nodeServer],methods=[POST]}" onto public com.alibaba.otter.canal.admin.model.BaseModel<java.lang.String> com.alibaba.otter.canal.admin.controller.NodeServerController.save(com.alibaba.otter.canal.admin.model.NodeServer,java.lang.String)
2021-08-28 14:52:59.357 [main] INFO  o.s.w.s.m.method.annotation.RequestMappingHandlerMapping - Mapped "{[/api/{env}/nodeServer/status],methods=[GET]}" onto public com.alibaba.otter.canal.admin.model.BaseModel<java.lang.Integer> com.alibaba.otter.canal.admin.controller.NodeServerController.status(java.lang.String,java.lang.Integer,java.lang.String)
2021-08-28 14:52:59.361 [main] INFO  o.s.w.s.m.method.annotation.RequestMappingHandlerMapping - Mapped "{[/error],produces=[text/html]}" onto public org.springframework.web.servlet.ModelAndView org.springframework.boot.autoconfigure.web.servlet.error.BasicErrorController.errorHtml(javax.servlet.http.HttpServletRequest,javax.servlet.http.HttpServletResponse)
2021-08-28 14:52:59.371 [main] INFO  o.s.w.s.m.method.annotation.RequestMappingHandlerMapping - Mapped "{[/error]}" onto public org.springframework.http.ResponseEntity<java.util.Map<java.lang.String, java.lang.Object>> org.springframework.boot.autoconfigure.web.servlet.error.BasicErrorController.error(javax.servlet.http.HttpServletRequest)
2021-08-28 14:52:59.441 [main] INFO  o.s.web.servlet.handler.SimpleUrlHandlerMapping - Mapped URL path [/webjars/**] onto handler of type [class org.springframework.web.servlet.resource.ResourceHttpRequestHandler]
2021-08-28 14:52:59.443 [main] INFO  o.s.web.servlet.handler.SimpleUrlHandlerMapping - Mapped URL path [/**] onto handler of type [class org.springframework.web.servlet.resource.ResourceHttpRequestHandler]
2021-08-28 14:52:59.461 [main] INFO  o.s.w.s.m.m.annotation.ExceptionHandlerExceptionResolver - Detected @ExceptionHandler methods in customExceptionHandler
2021-08-28 14:52:59.505 [main] INFO  o.s.b.a.web.servlet.WelcomePageHandlerMapping - Adding welcome page: class path resource [public/index.html]
2021-08-28 14:53:00.150 [main] INFO  o.s.jmx.export.annotation.AnnotationMBeanExporter - Registering beans for JMX exposure on startup
2021-08-28 14:53:00.159 [main] INFO  o.s.jmx.export.annotation.AnnotationMBeanExporter - Bean with name 'dataSource' has been autodetected for JMX exposure
2021-08-28 14:53:00.179 [main] INFO  o.s.jmx.export.annotation.AnnotationMBeanExporter - Located MBean 'dataSource': registering with JMX server as MBean [com.zaxxer.hikari:name=dataSource,type=HikariDataSource]
2021-08-28 14:53:00.215 [main] INFO  org.apache.coyote.http11.Http11NioProtocol - Starting ProtocolHandler ["http-nio-8089"]
2021-08-28 14:53:00.254 [main] INFO  org.apache.tomcat.util.net.NioSelectorPool - Using a shared selector for servlet write/read
2021-08-28 14:53:00.355 [main] INFO  o.s.boot.web.embedded.tomcat.TomcatWebServer - Tomcat started on port(s): 8089 (http) with context path ''
2021-08-28 14:53:00.418 [main] INFO  com.alibaba.otter.canal.admin.CanalAdminApplication - Started CanalAdminApplication in 12.737 seconds (JVM running for 14.134)
2021-08-28 14:54:15.420 [http-nio-8089-exec-2] INFO  o.a.catalina.core.ContainerBase.[Tomcat].[localhost].[/] - Initializing Spring FrameworkServlet 'dispatcherServlet'
2021-08-28 14:54:15.432 [http-nio-8089-exec-2] INFO  org.springframework.web.servlet.DispatcherServlet - FrameworkServlet 'dispatcherServlet': initialization started
2021-08-28 14:54:15.687 [http-nio-8089-exec-2] INFO  org.springframework.web.servlet.DispatcherServlet - FrameworkServlet 'dispatcherServlet': initialization completed in 248 ms
